2024-09-24 02:17:45.481  INFO 241 --- [main] lavalink.server.Launcher                 : Starting Launcher using Java 17.0.3 on d65e8b9c25d2 with PID 241 (/home/runner/lavalink-replit/Lavalink.jar started by runner in /home/runner/lavalink-replit)
2024-09-24 02:17:45.582  INFO 241 --- [main] lavalink.server.Launcher                 : No active profile set, falling back to 1 default profile: "default"
2024-09-24 02:17:48.970  INFO 241 --- [main] lavalink.server.Launcher                 : Started Launcher in 5.29 seconds (JVM running for 6.654)
2024-09-24 02:17:49.047  INFO 241 --- [main] lavalink.server.Launcher                 : You can safely ignore the big red warning about illegal reflection. See https://github.com/freyacodes/Lavalink/issues/295
2024-09-24 02:17:49.247  INFO 241 --- [main] lavalink.server.Launcher                 : 

[32m       .  [31m _                  _ _       _    [32m__ _ _
[32m      /\\ [31m| | __ ___   ____ _| (_)_ __ | | __[32m\ \ \ \
[32m     ( ( )[31m| |/ _` \ \ / / _` | | | '_ \| |/ /[32m \ \ \ \
[32m      \\/ [31m| | (_| |\ V / (_| | | | | | |   < [32m  ) ) ) )
[32m       '  [31m|_|\__,_| \_/ \__,_|_|_|_| |_|_|\_\[32m / / / /
[0m    =========================================[32m/_/_/_/[0m

	Version:        3.5-rc3
	Build:          1350
	Build time:     11.08.2022 18:37:19 UTC
	Branch          HEAD
	Commit:         1b8e84f
	Commit time:    11.08.2022 18:22:22 UTC
	JVM:            17.0.3
	Lavaplayer      1.3.98.2-original

2024-09-24 02:17:49.264  INFO 241 --- [main] lavalink.server.Launcher                 : No active profile set, falling back to 1 default profile: "default"
2024-09-24 02:17:51.747  WARN 241 --- [main] io.undertow.websockets.jsr               : UT026010: Buffer pool was not set on WebSocketDeploymentInfo, the default pool will be used
2024-09-24 02:17:51.784  INFO 241 --- [main] io.undertow.servlet                      : Initializing Spring embedded WebApplicationContext
2024-09-24 02:17:51.844  INFO 241 --- [main] w.s.c.ServletWebServerApplicationContext : Root WebApplicationContext: initialization completed in 2506 ms
2024-09-24 02:17:52.176  INFO 241 --- [main] l.server.metrics.PrometheusMetrics       : Prometheus metrics set up
2024-09-24 02:17:52.257  WARN 241 --- [main] l.server.config.SentryConfiguration      : Turning off sentry
2024-09-24 02:17:53.097  INFO 241 --- [main] c.s.d.l.tools.GarbageCollectionMonitor   : GC monitoring enabled, reporting results every 2 minutes.
2024-09-24 02:17:53.766  INFO 241 --- [main] lavalink.server.config.KoeConfiguration  : OS: LINUX, Arch: X86_64
2024-09-24 02:17:53.767  INFO 241 --- [main] lavalink.server.config.KoeConfiguration  : Enabling JDA-NAS
2024-09-24 02:17:53.770  INFO 241 --- [main] c.s.l.c.natives.NativeLibraryLoader      : Native library udpqueue: loading with filter null
2024-09-24 02:17:53.780  INFO 241 --- [main] c.s.l.c.natives.NativeLibraryLoader      : Native library udpqueue: successfully loaded.
2024-09-24 02:17:54.846  INFO 241 --- [main] io.undertow                              : starting server: Undertow - 2.2.16.Final
2024-09-24 02:17:54.858  INFO 241 --- [main] org.xnio                                 : XNIO version 3.8.6.Final
2024-09-24 02:17:54.867  INFO 241 --- [main] org.xnio.nio                             : XNIO NIO Implementation Version 3.8.6.Final
2024-09-24 02:17:55.208  INFO 241 --- [main] org.jboss.threads                        : JBoss Threads version 3.1.0.Final
2024-09-24 02:17:55.398  INFO 241 --- [main] o.s.b.w.e.undertow.UndertowWebServer     : Undertow started on port(s) 443 (http)
2024-09-24 02:17:55.408  INFO 241 --- [main] lavalink.server.Launcher                 : Started Launcher in 6.354 seconds (JVM running for 13.092)
2024-09-24 02:17:55.410  INFO 241 --- [main] lavalink.server.Launcher                 : Lavalink is ready to accept connections.
2024-09-24 02:17:56.905  INFO 241 --- [XNIO-1 task-1] io.undertow.servlet                      : Initializing Spring DispatcherServlet 'dispatcherServlet'
2024-09-24 02:17:56.905  INFO 241 --- [XNIO-1 task-1] o.s.web.servlet.DispatcherServlet        : Initializing Servlet 'dispatcherServlet'
2024-09-24 02:17:56.909  INFO 241 --- [XNIO-1 task-1] o.s.web.servlet.DispatcherServlet        : Completed initialization in 3 ms
2024-09-24 02:17:56.956 ERROR 241 --- [XNIO-1 task-1] l.server.io.HandshakeInterceptorImpl     : Authentication failed from /172.31.196.98:48740
2024-09-24 02:18:51.358 ERROR 241 --- [XNIO-1 task-1] l.server.io.HandshakeInterceptorImpl     : Authentication failed from /172.31.196.98:48740
